<?xml version="1.0" encoding="UTF-8"?>
<robot generator="Robot 7.2 (Python 3.12.8 on win32)" generated="2025-02-13T09:40:28.460991" rpa="false" schemaversion="5">
<suite id="s1" name="Settings" source="c:\project\pull from git\HRLITE-MAIN-REPO\Unfinish_TC\Settings.robot">
<test id="s1-t1" name="T57303" line="26">
<kw name="Launch Browser Chrome" owner="General_Controller" type="SETUP">
<kw name="Open Browser" owner="SeleniumLibrary">
<msg time="2025-02-13T09:40:30.160373" level="INFO">Opening browser 'chrome' to base url 'https://hrlite-dost5.asti.dost.gov.ph/index.php?r=site/login'.</msg>
<arg>${url}</arg>
<arg>${browser1}</arg>
<doc>Opens a new browser instance to the optional ``url``.</doc>
<status status="PASS" start="2025-02-13T09:40:30.160373" elapsed="8.938075"/>
</kw>
<kw name="Maximize Browser Window" owner="SeleniumLibrary">
<doc>Maximizes current browser window.</doc>
<status status="PASS" start="2025-02-13T09:40:39.099448" elapsed="0.035001"/>
</kw>
<kw name="Set Browser Implicit Wait" owner="SeleniumLibrary">
<arg>5s</arg>
<doc>Sets the implicit wait value used by Selenium.</doc>
<status status="PASS" start="2025-02-13T09:40:39.134449" elapsed="0.002280"/>
</kw>
<status status="PASS" start="2025-02-13T09:40:30.160373" elapsed="8.976356"/>
</kw>
<kw name="Login" owner="General_Controller">
<kw name="Wait Until Element Is Visible" owner="SeleniumLibrary">
<arg>${username_field}</arg>
<doc>Waits until the element ``locator`` is visible.</doc>
<status status="PASS" start="2025-02-13T09:40:39.139052" elapsed="0.051830"/>
</kw>
<kw name="Input Text" owner="SeleniumLibrary">
<msg time="2025-02-13T09:40:39.191814" level="INFO">Typing text 'aries' into text field 'xpath://input[@id='LoginForm_username']'.</msg>
<arg>${username_field}</arg>
<arg>${username}</arg>
<doc>Types the given ``text`` into the text field identified by ``locator``.</doc>
<status status="PASS" start="2025-02-13T09:40:39.190882" elapsed="0.133726"/>
</kw>
<kw name="Input Password" owner="SeleniumLibrary">
<msg time="2025-02-13T09:40:39.326645" level="INFO">Typing password into text field 'xpath://input[@id='LoginForm_password']'.</msg>
<msg time="2025-02-13T09:40:39.395613" level="INFO">Temporally setting log level to: NONE</msg>
<arg>${password_field}</arg>
<arg>${password}</arg>
<doc>Types the given password into the text field identified by ``locator``.</doc>
<status status="PASS" start="2025-02-13T09:40:39.326126" elapsed="0.113458"/>
</kw>
<kw name="Click Button" owner="SeleniumLibrary">
<msg time="2025-02-13T09:40:39.441118" level="INFO">Clicking button 'xpath://button[@class='btn pull-right btn-primary btn-lg']'.</msg>
<arg>${signIn_button}</arg>
<doc>Clicks the button identified by ``locator``.</doc>
<status status="PASS" start="2025-02-13T09:40:39.440591" elapsed="1.789773"/>
</kw>
<kw name="Click Element" owner="SeleniumLibrary">
<msg time="2025-02-13T09:40:41.231456" level="INFO">Clicking element 'xpath://input[@id='acceptTerms']'.</msg>
<arg>${accept_term}</arg>
<doc>Click the element identified by ``locator``.</doc>
<status status="PASS" start="2025-02-13T09:40:41.231014" elapsed="0.082504"/>
</kw>
<kw name="Click Button" owner="SeleniumLibrary">
<msg time="2025-02-13T09:40:41.313518" level="INFO">Clicking button 'xpath://button[@id='continueBtn']'.</msg>
<arg>${term_continue_btn}</arg>
<doc>Clicks the button identified by ``locator``.</doc>
<status status="PASS" start="2025-02-13T09:40:41.313518" elapsed="0.109806"/>
</kw>
<kw name="Wait Until Element Is Visible" owner="SeleniumLibrary">
<arg>${dashboard}</arg>
<doc>Waits until the element ``locator`` is visible.</doc>
<status status="PASS" start="2025-02-13T09:40:41.423324" elapsed="0.018739"/>
</kw>
<status status="PASS" start="2025-02-13T09:40:39.138040" elapsed="2.304023"/>
</kw>
<kw name="Click Element" owner="SeleniumLibrary">
<msg time="2025-02-13T09:40:41.442063" level="INFO">Clicking element 'xpath://span[@class='text-muted text-xs block']'.</msg>
<arg>${settings_dropdown}</arg>
<doc>Click the element identified by ``locator``.</doc>
<status status="PASS" start="2025-02-13T09:40:41.442063" elapsed="0.077617"/>
</kw>
<kw name="Wait Until Element Is Visible" owner="SeleniumLibrary">
<arg>xpath://a[@href='/index.php?r=pmis/er/imageSignature']</arg>
<doc>Waits until the element ``locator`` is visible.</doc>
<status status="PASS" start="2025-02-13T09:40:41.520485" elapsed="0.040781"/>
</kw>
<kw name="Click Element" owner="SeleniumLibrary">
<msg time="2025-02-13T09:40:41.570617" level="INFO">Clicking element 'xpath://a[@href='/index.php?r=pmis/er/imageSignature']'.</msg>
<arg>xpath://a[@href='/index.php?r=pmis/er/imageSignature']</arg>
<doc>Click the element identified by ``locator``.</doc>
<status status="PASS" start="2025-02-13T09:40:41.561266" elapsed="0.323731"/>
</kw>
<kw name="Close All Browsers" owner="SeleniumLibrary" type="TEARDOWN">
<doc>Closes all open browsers and resets the browser cache.</doc>
<status status="PASS" start="2025-02-13T09:40:41.885997" elapsed="3.358379"/>
</kw>
<doc>**Verify that user can able to upload digitized signature**</doc>
<status status="PASS" start="2025-02-13T09:40:30.160373" elapsed="15.085996"/>
</test>
<status status="PASS" start="2025-02-13T09:40:28.482445" elapsed="16.765925"/>
</suite>
<statistics>
<total>
<stat pass="1" fail="0" skip="0">All Tests</stat>
</total>
<tag>
</tag>
<suite>
<stat name="Settings" id="s1" pass="1" fail="0" skip="0">Settings</stat>
</suite>
</statistics>
<errors>
</errors>
</robot>
