<?xml version="1.0" encoding="UTF-8"?>
<robot generator="Robot 7.2 (Python 3.12.8 on win32)" generated="2025-02-20T14:52:35.726369" rpa="false" schemaversion="5">
<suite id="s1" name="Settings" source="c:\project\pull-from-git\hrlite-testrail\Test_cases\Settings.robot">
<test id="s1-t1" name="test2" line="105">
<kw name="Launch Browser Chrome" owner="General_Controller" type="SETUP">
<kw name="Open Browser" owner="SeleniumLibrary">
<msg time="2025-02-20T14:52:36.850899" level="INFO">Opening browser 'chrome' to base url 'https://hrlite-dost5.asti.dost.gov.ph/index.php?r=site/login'.</msg>
<arg>${url}</arg>
<arg>${browser1}</arg>
<doc>Opens a new browser instance to the optional ``url``.</doc>
<status status="PASS" start="2025-02-20T14:52:36.850899" elapsed="5.761784"/>
</kw>
<kw name="Maximize Browser Window" owner="SeleniumLibrary">
<doc>Maximizes current browser window.</doc>
<status status="PASS" start="2025-02-20T14:52:42.613686" elapsed="0.033886"/>
</kw>
<kw name="Set Browser Implicit Wait" owner="SeleniumLibrary">
<arg>10s</arg>
<doc>Sets the implicit wait value used by Selenium.</doc>
<status status="PASS" start="2025-02-20T14:52:42.648570" elapsed="0.002002"/>
</kw>
<status status="PASS" start="2025-02-20T14:52:36.849872" elapsed="5.800700"/>
</kw>
<kw name="Login" owner="General_Controller">
<kw name="Wait Until Element Is Visible" owner="SeleniumLibrary">
<arg>${username_field}</arg>
<doc>Waits until the element ``locator`` is visible.</doc>
<status status="PASS" start="2025-02-20T14:52:42.651576" elapsed="0.036116"/>
</kw>
<kw name="Input Text" owner="SeleniumLibrary">
<msg time="2025-02-20T14:52:42.688857" level="INFO">Typing text 'aries' into text field 'xpath://input[@id='LoginForm_username']'.</msg>
<arg>${username_field}</arg>
<arg>${username}</arg>
<doc>Types the given ``text`` into the text field identified by ``locator``.</doc>
<status status="PASS" start="2025-02-20T14:52:42.687692" elapsed="0.104397"/>
</kw>
<kw name="Input Password" owner="SeleniumLibrary">
<msg time="2025-02-20T14:52:42.795091" level="INFO">Typing password into text field 'xpath://input[@id='LoginForm_password']'.</msg>
<msg time="2025-02-20T14:52:42.838376" level="INFO">Temporally setting log level to: NONE</msg>
<arg>${password_field}</arg>
<arg>${password}</arg>
<doc>Types the given password into the text field identified by ``locator``.</doc>
<status status="PASS" start="2025-02-20T14:52:42.794103" elapsed="0.116749"/>
</kw>
<kw name="Click Button" owner="SeleniumLibrary">
<msg time="2025-02-20T14:52:42.911854" level="INFO">Clicking button 'xpath://button[@class='btn pull-right btn-primary btn-lg']'.</msg>
<arg>${signIn_button}</arg>
<doc>Clicks the button identified by ``locator``.</doc>
<status status="PASS" start="2025-02-20T14:52:42.911854" elapsed="1.965487"/>
</kw>
<kw name="Click Element" owner="SeleniumLibrary">
<msg time="2025-02-20T14:52:44.878341" level="INFO">Clicking element 'xpath://input[@id='acceptTerms']'.</msg>
<arg>${accept_term}</arg>
<doc>Click the element identified by ``locator``.</doc>
<status status="PASS" start="2025-02-20T14:52:44.877341" elapsed="0.088673"/>
</kw>
<kw name="Click Button" owner="SeleniumLibrary">
<msg time="2025-02-20T14:52:44.967014" level="INFO">Clicking button 'xpath://button[@id='continueBtn']'.</msg>
<arg>${term_continue_btn}</arg>
<doc>Clicks the button identified by ``locator``.</doc>
<status status="PASS" start="2025-02-20T14:52:44.967014" elapsed="0.103650"/>
</kw>
<kw name="Wait Until Element Is Visible" owner="SeleniumLibrary">
<arg>${dashboard}</arg>
<doc>Waits until the element ``locator`` is visible.</doc>
<status status="PASS" start="2025-02-20T14:52:45.070664" elapsed="0.043993"/>
</kw>
<status status="PASS" start="2025-02-20T14:52:42.651576" elapsed="2.463081"/>
</kw>
<kw name="Click Element" owner="SeleniumLibrary">
<msg time="2025-02-20T14:52:45.115630" level="INFO">Clicking element 'xpath://span[@class='text-muted text-xs block']'.</msg>
<arg>${settings_dropdown}</arg>
<doc>Click the element identified by ``locator``.</doc>
<status status="PASS" start="2025-02-20T14:52:45.115630" elapsed="0.137199"/>
</kw>
<kw name="Click Element" owner="SeleniumLibrary">
<msg time="2025-02-20T14:52:45.254835" level="INFO">Clicking element 'xpath://a[@href='/index.php?r=pmis/er/pki/getExpiredCerts']'.</msg>
<arg>xpath://a[@href='/index.php?r=pmis/er/pki/getExpiredCerts']</arg>
<doc>Click the element identified by ``locator``.</doc>
<status status="PASS" start="2025-02-20T14:52:45.253827" elapsed="0.147636"/>
</kw>
<kw name="Sleep" owner="BuiltIn">
<msg time="2025-02-20T14:52:50.404926" level="INFO">Slept 5 seconds.</msg>
<arg>5s</arg>
<doc>Pauses the test executed for the given time.</doc>
<status status="PASS" start="2025-02-20T14:52:45.402755" elapsed="5.003194"/>
</kw>
<kw name="Close Window" owner="SeleniumLibrary">
<doc>Closes currently opened and selected browser window/tab.</doc>
<status status="PASS" start="2025-02-20T14:52:50.408952" elapsed="0.038652"/>
</kw>
<kw name="Sleep" owner="BuiltIn">
<msg time="2025-02-20T14:52:53.450933" level="INFO">Slept 3 seconds.</msg>
<arg>3s</arg>
<doc>Pauses the test executed for the given time.</doc>
<status status="PASS" start="2025-02-20T14:52:50.449613" elapsed="3.001834"/>
</kw>
<kw name="Close All Browsers" owner="SeleniumLibrary" type="TEARDOWN">
<doc>Closes all open browsers and resets the browser cache.</doc>
<status status="PASS" start="2025-02-20T14:52:53.455471" elapsed="6.548697"/>
</kw>
<status status="PASS" start="2025-02-20T14:52:36.848874" elapsed="23.158291"/>
</test>
<status status="PASS" start="2025-02-20T14:52:35.741567" elapsed="24.266593"/>
</suite>
<statistics>
<total>
<stat pass="1" fail="0" skip="0">All Tests</stat>
</total>
<tag>
</tag>
<suite>
<stat name="Settings" id="s1" pass="1" fail="0" skip="0">Settings</stat>
</suite>
</statistics>
<errors>
<msg time="2025-02-20T14:52:36.821319" level="WARN">Imported library 'testrail' contains no keywords.</msg>
</errors>
</robot>
