<?xml version="1.0" encoding="UTF-8"?>
<robot generator="Rebot 7.2 (Python 3.12.8 on win32)" generated="2025-02-12T08:56:36.484541" rpa="false" schemaversion="5">
<suite id="s1" name="Login chrome" source="C:\project\HRLITE\Test_cases\Login_chrome.robot">
<test id="s1-t1" name="T57294" line="22">
<kw name="Launch Browser Chrome" owner="General_Controller" type="SETUP">
<kw name="Open Browser" owner="SeleniumLibrary">
<msg time="2025-02-12T08:56:18.835181" level="INFO">Opening browser 'chrome' to base url 'https://hrlite-dost5.asti.dost.gov.ph/index.php?r=site/login'.</msg>
<arg>${url}</arg>
<arg>${browser1}</arg>
<doc>Opens a new browser instance to the optional ``url``.</doc>
<status status="PASS" start="2025-02-12T08:56:18.834182" elapsed="7.315434"/>
</kw>
<kw name="Maximize Browser Window" owner="SeleniumLibrary">
<doc>Maximizes current browser window.</doc>
<status status="PASS" start="2025-02-12T08:56:26.159387" elapsed="0.029977"/>
</kw>
<kw name="Set Browser Implicit Wait" owner="SeleniumLibrary">
<arg>5s</arg>
<doc>Sets the implicit wait value used by Selenium.</doc>
<status status="PASS" start="2025-02-12T08:56:26.189364" elapsed="0.001975"/>
</kw>
<status status="PASS" start="2025-02-12T08:56:18.834182" elapsed="7.357157"/>
</kw>
<kw name="Wait Until Element Is Visible" owner="SeleniumLibrary">
<arg>${username_field}</arg>
<doc>Waits until the element ``locator`` is visible.</doc>
<status status="PASS" start="2025-02-12T08:56:26.191339" elapsed="0.040063"/>
</kw>
<kw name="Input Text" owner="SeleniumLibrary">
<msg time="2025-02-12T08:56:26.232842" level="INFO">Typing text 'aries' into text field 'xpath://input[@id='LoginForm_username']'.</msg>
<arg>${username_field}</arg>
<arg>${username}</arg>
<doc>Types the given ``text`` into the text field identified by ``locator``.</doc>
<status status="PASS" start="2025-02-12T08:56:26.232395" elapsed="0.104741"/>
</kw>
<kw name="Input Password" owner="SeleniumLibrary">
<msg time="2025-02-12T08:56:26.349199" level="INFO">Typing password into text field 'xpath://input[@id='LoginForm_password']'.</msg>
<msg time="2025-02-12T08:56:26.383050" level="INFO">Temporally setting log level to: NONE</msg>
<arg>${password_field}</arg>
<arg>${password}</arg>
<doc>Types the given password into the text field identified by ``locator``.</doc>
<status status="PASS" start="2025-02-12T08:56:26.349199" elapsed="0.103149"/>
</kw>
<kw name="Capture Page Screenshot" owner="SeleniumLibrary">
<msg time="2025-02-12T08:56:26.636787" level="INFO" html="true">&lt;/td&gt;&lt;/tr&gt;&lt;tr&gt;&lt;td colspan="3"&gt;&lt;a href="Test_cases/test_result/test_screens/chrome/CLog_page.png"&gt;&lt;img src="Test_cases/test_result/test_screens/chrome/CLog_page.png" width="800px"&gt;&lt;/a&gt;</msg>
<msg time="2025-02-12T08:56:26.636787" level="INFO">${screenshot_path} = C:\project\HRLITE\Test_cases\test_result\pabot_results\0\Test_cases\test_result\test_screens\chrome\CLog_page.png</msg>
<var>${screenshot_path}</var>
<arg>Test_cases/test_result/test_screens/chrome/CLog_page.png</arg>
<doc>Takes a screenshot of the current page and embeds it into a log file.</doc>
<status status="PASS" start="2025-02-12T08:56:26.460063" elapsed="0.176724"/>
</kw>
<kw name="Attach File" owner="AllureLibrary">
<arg>${screenshot_path}</arg>
<arg>CLog_page.png</arg>
<arg>image/png</arg>
<status status="PASS" start="2025-02-12T08:56:26.644770" elapsed="0.020445"/>
</kw>
<kw name="Click Button" owner="SeleniumLibrary">
<msg time="2025-02-12T08:56:26.667531" level="INFO">Clicking button 'xpath://button[@class='btn pull-right btn-primary btn-lg']'.</msg>
<arg>${signIn_button}</arg>
<doc>Clicks the button identified by ``locator``.</doc>
<status status="PASS" start="2025-02-12T08:56:26.667531" elapsed="1.785085"/>
</kw>
<kw name="Click Element" owner="SeleniumLibrary">
<msg time="2025-02-12T08:56:28.456344" level="INFO">Clicking element 'xpath://input[@id='acceptTerms']'.</msg>
<arg>${accept_term}</arg>
<doc>Click the element identified by ``locator``.</doc>
<status status="PASS" start="2025-02-12T08:56:28.456344" elapsed="0.088685"/>
</kw>
<kw name="Click Button" owner="SeleniumLibrary">
<msg time="2025-02-12T08:56:28.552988" level="INFO">Clicking button 'xpath://button[@id='continueBtn']'.</msg>
<arg>${term_continue_btn}</arg>
<doc>Clicks the button identified by ``locator``.</doc>
<status status="PASS" start="2025-02-12T08:56:28.552988" elapsed="0.100477"/>
</kw>
<kw name="Wait Until Element Is Visible" owner="SeleniumLibrary">
<arg>${dashboard}</arg>
<doc>Waits until the element ``locator`` is visible.</doc>
<status status="PASS" start="2025-02-12T08:56:28.661696" elapsed="0.019643"/>
</kw>
<kw name="Close All Browsers" owner="SeleniumLibrary" type="TEARDOWN">
<doc>Closes all open browsers and resets the browser cache.</doc>
<status status="PASS" start="2025-02-12T08:56:28.681339" elapsed="3.432338"/>
</kw>
<doc>**Verify that user with valid credentials can login to the website**</doc>
<status status="PASS" start="2025-02-12T08:56:18.833182" elapsed="13.280495"/>
</test>
<doc>[https://pabot.org/?ref=log|Pabot] result from 1 executions.</doc>
<status status="PASS" start="2025-02-12T08:56:18.134000" elapsed="13.281000"/>
</suite>
<statistics>
<total>
<stat pass="1" fail="0" skip="0">All Tests</stat>
</total>
<tag>
</tag>
<suite>
<stat name="Login chrome" id="s1" pass="1" fail="0" skip="0">Login chrome</stat>
</suite>
</statistics>
<errors>
</errors>
</robot>
