<?xml version="1.0" encoding="UTF-8"?>
<robot generator="Robot 7.2 (Python 3.12.8 on win32)" generated="2025-02-06T11:55:14.274492" rpa="false" schemaversion="5">
<suite id="s1" name="HRLITE LOGIN" source="C:\project\HRLITE\Test_cases\Login.robot">
<test id="s1-t1" name="T57294" line="22">
<kw name="Launch Browser" owner="General_Controller" type="SETUP">
<kw name="Open Browser" owner="SeleniumLibrary">
<msg time="2025-02-06T11:55:15.068200" level="INFO">Opening browser 'edge' to base url 'https://hrlite-dost5.asti.dost.gov.ph/index.php?r=site/login'.</msg>
<arg>${url}</arg>
<arg>${browser3}</arg>
<doc>Opens a new browser instance to the optional ``url``.</doc>
<status status="PASS" start="2025-02-06T11:55:15.068200" elapsed="7.714811"/>
</kw>
<kw name="Maximize Browser Window" owner="SeleniumLibrary">
<doc>Maximizes current browser window.</doc>
<status status="PASS" start="2025-02-06T11:55:22.802454" elapsed="0.049538"/>
</kw>
<kw name="Set Browser Implicit Wait" owner="SeleniumLibrary">
<arg>5s</arg>
<doc>Sets the implicit wait value used by Selenium.</doc>
<status status="PASS" start="2025-02-06T11:55:22.851992" elapsed="0.000000"/>
</kw>
<status status="PASS" start="2025-02-06T11:55:15.068200" elapsed="7.783792"/>
</kw>
<kw name="Wait Until Element Is Visible" owner="SeleniumLibrary">
<arg>${username_field}</arg>
<doc>Waits until the element ``locator`` is visible.</doc>
<status status="PASS" start="2025-02-06T11:55:22.851992" elapsed="0.054086"/>
</kw>
<kw name="Capture Page Screenshot" owner="SeleniumLibrary">
<msg time="2025-02-06T11:55:23.136245" level="INFO" html="true">&lt;/td&gt;&lt;/tr&gt;&lt;tr&gt;&lt;td colspan="3"&gt;&lt;a href="Test_cases/test_result/test1.png"&gt;&lt;img src="Test_cases/test_result/test1.png" width="800px"&gt;&lt;/a&gt;</msg>
<msg time="2025-02-06T11:55:23.136245" level="INFO">${screenshot_path1} = C:\project\HRLITE\Test_cases\test_result\pabot_results\0\Test_cases\test_result\test1.png</msg>
<var>${screenshot_path1}</var>
<arg>Test_cases/test_result/test1.png</arg>
<doc>Takes a screenshot of the current page and embeds it into a log file.</doc>
<status status="PASS" start="2025-02-06T11:55:22.906078" elapsed="0.230167"/>
</kw>
<kw name="Attach File" owner="AllureLibrary">
<arg>${screenshot_path1}</arg>
<arg>test1.png</arg>
<arg>image/png</arg>
<status status="PASS" start="2025-02-06T11:55:23.144844" elapsed="0.035009"/>
</kw>
<kw name="Input Text" owner="SeleniumLibrary">
<msg time="2025-02-06T11:55:23.185380" level="INFO">Typing text 'aries' into text field 'xpath://input[@id='LoginForm_username']'.</msg>
<arg>${username_field}</arg>
<arg>${username}</arg>
<doc>Types the given ``text`` into the text field identified by ``locator``.</doc>
<status status="PASS" start="2025-02-06T11:55:23.179853" elapsed="0.415957"/>
</kw>
<kw name="Input Password" owner="SeleniumLibrary">
<msg time="2025-02-06T11:55:23.602238" level="INFO">Typing password into text field 'xpath://input[@id='LoginForm_password']'.</msg>
<msg time="2025-02-06T11:55:23.746285" level="INFO">Temporally setting log level to: NONE</msg>
<arg>${password_field}</arg>
<arg>${password}</arg>
<doc>Types the given password into the text field identified by ``locator``.</doc>
<status status="PASS" start="2025-02-06T11:55:23.602238" elapsed="0.344788"/>
</kw>
<kw name="Click Button" owner="SeleniumLibrary">
<msg time="2025-02-06T11:55:23.959236" level="INFO">Clicking button 'xpath://button[@class='btn pull-right btn-primary btn-lg']'.</msg>
<arg>${signIn_button}</arg>
<doc>Clicks the button identified by ``locator``.</doc>
<status status="PASS" start="2025-02-06T11:55:23.959236" elapsed="4.350102"/>
</kw>
<kw name="Click Element" owner="SeleniumLibrary">
<msg time="2025-02-06T11:55:28.329804" level="INFO">Clicking element 'xpath://input[@id='acceptTerms']'.</msg>
<arg>${accept_term}</arg>
<doc>Click the element identified by ``locator``.</doc>
<status status="PASS" start="2025-02-06T11:55:28.329804" elapsed="0.399540"/>
</kw>
<kw name="Click Button" owner="SeleniumLibrary">
<msg time="2025-02-06T11:55:28.751324" level="INFO">Clicking button 'xpath://button[@id='continueBtn']'.</msg>
<arg>${term_continue_btb}\</arg>
<doc>Clicks the button identified by ``locator``.</doc>
<status status="PASS" start="2025-02-06T11:55:28.750037" elapsed="0.429074"/>
</kw>
<kw name="Capture Page Screenshot" owner="SeleniumLibrary">
<msg time="2025-02-06T11:55:29.536610" level="INFO" html="true">&lt;/td&gt;&lt;/tr&gt;&lt;tr&gt;&lt;td colspan="3"&gt;&lt;a href="Test_cases/test_result/test2.png"&gt;&lt;img src="Test_cases/test_result/test2.png" width="800px"&gt;&lt;/a&gt;</msg>
<msg time="2025-02-06T11:55:29.536610" level="INFO">${screenshot_path2} = C:\project\HRLITE\Test_cases\test_result\pabot_results\0\Test_cases\test_result\test2.png</msg>
<var>${screenshot_path2}</var>
<arg>Test_cases/test_result/test2.png</arg>
<doc>Takes a screenshot of the current page and embeds it into a log file.</doc>
<status status="PASS" start="2025-02-06T11:55:29.193964" elapsed="0.342646"/>
</kw>
<kw name="Attach File" owner="AllureLibrary">
<arg>${screenshot_path2}</arg>
<arg>test2.png</arg>
<arg>image/png</arg>
<status status="PASS" start="2025-02-06T11:55:29.551086" elapsed="0.015834"/>
</kw>
<kw name="Wait Until Element Is Visible" owner="SeleniumLibrary">
<arg>${dashboard}</arg>
<doc>Waits until the element ``locator`` is visible.</doc>
<status status="PASS" start="2025-02-06T11:55:29.566920" elapsed="0.057570"/>
</kw>
<kw name="Close All Browsers" owner="SeleniumLibrary" type="TEARDOWN">
<doc>Closes all open browsers and resets the browser cache.</doc>
<status status="PASS" start="2025-02-06T11:55:29.624490" elapsed="4.442709"/>
</kw>
<doc>![Test Screenshot](./test1.png)    **Verify that user with valid credentials can login to the website**</doc>
<status status="PASS" start="2025-02-06T11:55:15.068200" elapsed="18.998999"/>
</test>
<status status="PASS" start="2025-02-06T11:55:14.432611" elapsed="19.646448"/>
</suite>
<statistics>
<total>
<stat pass="1" fail="0" skip="0">All Tests</stat>
</total>
<tag>
</tag>
<suite>
<stat name="HRLITE LOGIN" id="s1" pass="1" fail="0" skip="0">HRLITE LOGIN</stat>
</suite>
</statistics>
<errors>
</errors>
</robot>
